GowinSynthesis start
Running parser ...
Analyzing Verilog file 'E:\myWork\IP\releaseVerify\RefDesign\Memory_Control\DDR3\Gowin_DDR3_Memory_Interface_RefDesign\DDR3_MC_PHY_1vs4\project\src\button.v'
Analyzing Verilog file 'E:\myWork\IP\releaseVerify\RefDesign\Memory_Control\DDR3\Gowin_DDR3_Memory_Interface_RefDesign\DDR3_MC_PHY_1vs4\project\src\ddr3_memory_interface\ddr3_memory_interface.v'
Analyzing Verilog file 'E:\myWork\IP\releaseVerify\RefDesign\Memory_Control\DDR3\Gowin_DDR3_Memory_Interface_RefDesign\DDR3_MC_PHY_1vs4\project\src\ddrtest.v'
WARN  (EX3788) : Block identifier is required on this block("E:\myWork\IP\releaseVerify\RefDesign\Memory_Control\DDR3\Gowin_DDR3_Memory_Interface_RefDesign\DDR3_MC_PHY_1vs4\project\src\ddrtest.v":387)
Analyzing Verilog file 'E:\myWork\IP\releaseVerify\RefDesign\Memory_Control\DDR3\Gowin_DDR3_Memory_Interface_RefDesign\DDR3_MC_PHY_1vs4\project\src\gowin_rpll\gowin_rpll.v'
Analyzing Verilog file 'E:\myWork\IP\releaseVerify\RefDesign\Memory_Control\DDR3\Gowin_DDR3_Memory_Interface_RefDesign\DDR3_MC_PHY_1vs4\project\src\top.v'
Undeclared symbol 'clk_x1', assumed default net type 'wire'("E:\myWork\IP\releaseVerify\RefDesign\Memory_Control\DDR3\Gowin_DDR3_Memory_Interface_RefDesign\DDR3_MC_PHY_1vs4\project\src\top.v":117)
Undeclared symbol 'sr_req', assumed default net type 'wire'("E:\myWork\IP\releaseVerify\RefDesign\Memory_Control\DDR3\Gowin_DDR3_Memory_Interface_RefDesign\DDR3_MC_PHY_1vs4\project\src\top.v":132)
Undeclared symbol 'ref_req', assumed default net type 'wire'("E:\myWork\IP\releaseVerify\RefDesign\Memory_Control\DDR3\Gowin_DDR3_Memory_Interface_RefDesign\DDR3_MC_PHY_1vs4\project\src\top.v":134)
Undeclared symbol 'ddr_rst', assumed default net type 'wire'("E:\myWork\IP\releaseVerify\RefDesign\Memory_Control\DDR3\Gowin_DDR3_Memory_Interface_RefDesign\DDR3_MC_PHY_1vs4\project\src\top.v":165)
Compiling module 'top'("E:\myWork\IP\releaseVerify\RefDesign\Memory_Control\DDR3\Gowin_DDR3_Memory_Interface_RefDesign\DDR3_MC_PHY_1vs4\project\src\top.v":1)
Compiling module 'Gowin_rPLL'("E:\myWork\IP\releaseVerify\RefDesign\Memory_Control\DDR3\Gowin_DDR3_Memory_Interface_RefDesign\DDR3_MC_PHY_1vs4\project\src\gowin_rpll\gowin_rpll.v":10)
Compiling module 'ddr3_test1(APP_DATA_WIDTH=128,APP_MASK_WIDTH=16)'("E:\myWork\IP\releaseVerify\RefDesign\Memory_Control\DDR3\Gowin_DDR3_Memory_Interface_RefDesign\DDR3_MC_PHY_1vs4\project\src\ddrtest.v":25)
WARN  (EX1998) : Net 'error_int1[15]' does not have a driver("E:\myWork\IP\releaseVerify\RefDesign\Memory_Control\DDR3\Gowin_DDR3_Memory_Interface_RefDesign\DDR3_MC_PHY_1vs4\project\src\ddrtest.v":75)
Compiling module 'DDR3_Memory_Interface_Top'("E:\myWork\IP\releaseVerify\RefDesign\Memory_Control\DDR3\Gowin_DDR3_Memory_Interface_RefDesign\DDR3_MC_PHY_1vs4\project\src\ddr3_memory_interface\ddr3_memory_interface.v":19701)
Compiling module '**'("E:\myWork\IP\releaseVerify\RefDesign\Memory_Control\DDR3\Gowin_DDR3_Memory_Interface_RefDesign\DDR3_MC_PHY_1vs4\project\src\ddr3_memory_interface\ddr3_memory_interface.v":19700)
WARN  (EX3670) : Actual bit length 32 differs from formal bit length 1 for port 'sr_req'("E:\myWork\IP\releaseVerify\RefDesign\Memory_Control\DDR3\Gowin_DDR3_Memory_Interface_RefDesign\DDR3_MC_PHY_1vs4\project\src\top.v":153)
WARN  (EX3670) : Actual bit length 32 differs from formal bit length 1 for port 'ref_req'("E:\myWork\IP\releaseVerify\RefDesign\Memory_Control\DDR3\Gowin_DDR3_Memory_Interface_RefDesign\DDR3_MC_PHY_1vs4\project\src\top.v":154)
NOTE  (EX0101) : Current top module is "top"
[5%] Running netlist conversion ...
Running device independent optimization ...
[10%] Optimizing Phase 0 completed
[15%] Optimizing Phase 1 completed
[25%] Optimizing Phase 2 completed
Running inference ...
[30%] Inferring Phase 0 completed
[40%] Inferring Phase 1 completed
[50%] Inferring Phase 2 completed
[55%] Inferring Phase 3 completed
Running technical mapping ...
[60%] Tech-Mapping Phase 0 completed
[65%] Tech-Mapping Phase 1 completed
[75%] Tech-Mapping Phase 2 completed
[80%] Tech-Mapping Phase 3 completed
[90%] Tech-Mapping Phase 4 completed
[95%] Generate netlist file "E:\myWork\IP\releaseVerify\RefDesign\Memory_Control\DDR3\Gowin_DDR3_Memory_Interface_RefDesign\DDR3_MC_PHY_1vs4\project\impl\gwsynthesis\ddr3_1v4_hs.vg" completed
[100%] Generate report file "E:\myWork\IP\releaseVerify\RefDesign\Memory_Control\DDR3\Gowin_DDR3_Memory_Interface_RefDesign\DDR3_MC_PHY_1vs4\project\impl\gwsynthesis\ddr3_1v4_hs_syn.rpt.html" completed
GowinSynthesis finish
