Reading netlist file: "E:\myWork\IP\releaseVerify\RefDesign\Memory_Control\DDR3\Gowin_DDR3_Memory_Interface_RefDesign\DDR3_MC_PHY_1vs4\project\impl\gwsynthesis\ddr3_1v4_hs.vg"
Parsing netlist file "E:\myWork\IP\releaseVerify\RefDesign\Memory_Control\DDR3\Gowin_DDR3_Memory_Interface_RefDesign\DDR3_MC_PHY_1vs4\project\impl\gwsynthesis\ddr3_1v4_hs.vg" completed
Processing netlist completed
Reading constraint file: "E:\myWork\IP\releaseVerify\RefDesign\Memory_Control\DDR3\Gowin_DDR3_Memory_Interface_RefDesign\DDR3_MC_PHY_1vs4\project\src\ddr3_1v4_hs.cst"
Physical Constraint parsed completed
Running placement......
[10%] Placement Phase 0 completed
[20%] Placement Phase 1 completed
[30%] Placement Phase 2 completed
WARN  (TA1123) : the clock "clk_x4"'s frequency does not match upll/rpll_inst/CLKOUT's 
[50%] Placement Phase 3 completed
Running routing......
[60%] Routing Phase 0 completed
[70%] Routing Phase 1 completed
[80%] Routing Phase 2 completed
[90%] Routing Phase 3 completed
Running timing analysis......
[95%] Timing analysis completed
Placement and routing completed
Bitstream generation in progress......
Bitstream generation completed
Running power analysis......
[100%] Power analysis completed
Generate file "E:\myWork\IP\releaseVerify\RefDesign\Memory_Control\DDR3\Gowin_DDR3_Memory_Interface_RefDesign\DDR3_MC_PHY_1vs4\project\impl\pnr\ddr3_1v4_hs.power.html" completed
Generate file "E:\myWork\IP\releaseVerify\RefDesign\Memory_Control\DDR3\Gowin_DDR3_Memory_Interface_RefDesign\DDR3_MC_PHY_1vs4\project\impl\pnr\ddr3_1v4_hs.pin.html" completed
Generate file "E:\myWork\IP\releaseVerify\RefDesign\Memory_Control\DDR3\Gowin_DDR3_Memory_Interface_RefDesign\DDR3_MC_PHY_1vs4\project\impl\pnr\ddr3_1v4_hs.rpt.html" completed
Generate file "E:\myWork\IP\releaseVerify\RefDesign\Memory_Control\DDR3\Gowin_DDR3_Memory_Interface_RefDesign\DDR3_MC_PHY_1vs4\project\impl\pnr\ddr3_1v4_hs.rpt.txt" completed
Generate file "E:\myWork\IP\releaseVerify\RefDesign\Memory_Control\DDR3\Gowin_DDR3_Memory_Interface_RefDesign\DDR3_MC_PHY_1vs4\project\impl\pnr\ddr3_1v4_hs.tr.html" completed
Wed Mar 27 10:52:15 2024

