GowinSynthesis start
Running parser ...
Analyzing Verilog file 'C:\Users\zh\Desktop\Project_ZH\9.GW2A-LC-LogicsPI\2.Soft\4.Nixie\Pro\src\Template_Nuo.v'
Compiling module 'Template_Nuo'("C:\Users\zh\Desktop\Project_ZH\9.GW2A-LC-LogicsPI\2.Soft\4.Nixie\Pro\src\Template_Nuo.v":1)
WARN  (EX3791) : Expression size 27 truncated to fit in target size 26("C:\Users\zh\Desktop\Project_ZH\9.GW2A-LC-LogicsPI\2.Soft\4.Nixie\Pro\src\Template_Nuo.v":19)
NOTE  (EX0101) : Current top module is "Template_Nuo"
[5%] Running netlist conversion ...
Running device independent optimization ...
[10%] Optimizing Phase 0 completed
[15%] Optimizing Phase 1 completed
[25%] Optimizing Phase 2 completed
Running inference ...
[30%] Inferring Phase 0 completed
[40%] Inferring Phase 1 completed
[50%] Inferring Phase 2 completed
[55%] Inferring Phase 3 completed
Running technical mapping ...
[60%] Tech-Mapping Phase 0 completed
[65%] Tech-Mapping Phase 1 completed
[75%] Tech-Mapping Phase 2 completed
[80%] Tech-Mapping Phase 3 completed
[90%] Tech-Mapping Phase 4 completed
[95%] Generate netlist file "C:\Users\zh\Desktop\Project_ZH\9.GW2A-LC-LogicsPI\2.Soft\4.Nixie\Pro\impl\gwsynthesis\Pro.vg" completed
[100%] Generate report file "C:\Users\zh\Desktop\Project_ZH\9.GW2A-LC-LogicsPI\2.Soft\4.Nixie\Pro\impl\gwsynthesis\Pro_syn.rpt.html" completed
GowinSynthesis finish
