GowinSynthesis start
Running parser ...
Analyzing Verilog file 'C:\Users\as\Desktop\Gowin_DDR3_Memory_Interface_RefDesign\DDR3_MC_PHY_1vs2\project\src\DDR3_test.v'
Analyzing Verilog file 'C:\Users\as\Desktop\Gowin_DDR3_Memory_Interface_RefDesign\DDR3_MC_PHY_1vs2\project\src\ddr3_memory_interface\ddr3_memory_interface.v'
Analyzing Verilog file 'C:\Users\as\Desktop\Gowin_DDR3_Memory_Interface_RefDesign\DDR3_MC_PHY_1vs2\project\src\ddr3_syn_top.v'
Undeclared symbol 'rst_n', assumed default net type 'wire'("C:\Users\as\Desktop\Gowin_DDR3_Memory_Interface_RefDesign\DDR3_MC_PHY_1vs2\project\src\ddr3_syn_top.v":57)
Analyzing Verilog file 'C:\Users\as\Desktop\Gowin_DDR3_Memory_Interface_RefDesign\DDR3_MC_PHY_1vs2\project\src\gowin_rpll\gowin_rpll.v'
Analyzing Verilog file 'E:\Gowin\Gowin_V1.9.10_x64\IDE\data\ipcores\GAO\GW_AO_0\gw_ao_crc32.v'
Analyzing Verilog file 'E:\Gowin\Gowin_V1.9.10_x64\IDE\data\ipcores\GAO\GW_AO_0\gw_ao_match.v'
Analyzing included file 'E:\Gowin\Gowin_V1.9.10_x64\IDE\data\ipcores\GAO\GW_AO_0\gw_ao_define.v'("E:\Gowin\Gowin_V1.9.10_x64\IDE\data\ipcores\GAO\GW_AO_0\gw_ao_match.v":374)
Back to file 'E:\Gowin\Gowin_V1.9.10_x64\IDE\data\ipcores\GAO\GW_AO_0\gw_ao_match.v'("E:\Gowin\Gowin_V1.9.10_x64\IDE\data\ipcores\GAO\GW_AO_0\gw_ao_match.v":374)
Analyzing included file 'C:\Users\as\Desktop\Gowin_DDR3_Memory_Interface_RefDesign\DDR3_MC_PHY_1vs2\project\impl\gwsynthesis\RTL_GAO\ao_0\gw_ao_top_define.v'("E:\Gowin\Gowin_V1.9.10_x64\IDE\data\ipcores\GAO\GW_AO_0\gw_ao_match.v":374)
Back to file 'E:\Gowin\Gowin_V1.9.10_x64\IDE\data\ipcores\GAO\GW_AO_0\gw_ao_match.v'("E:\Gowin\Gowin_V1.9.10_x64\IDE\data\ipcores\GAO\GW_AO_0\gw_ao_match.v":374)
Analyzing included file 'C:\Users\as\Desktop\Gowin_DDR3_Memory_Interface_RefDesign\DDR3_MC_PHY_1vs2\project\impl\gwsynthesis\RTL_GAO\ao_0\gw_ao_init.v'("E:\Gowin\Gowin_V1.9.10_x64\IDE\data\ipcores\GAO\GW_AO_0\gw_ao_match.v":374)
Back to file 'E:\Gowin\Gowin_V1.9.10_x64\IDE\data\ipcores\GAO\GW_AO_0\gw_ao_match.v'("E:\Gowin\Gowin_V1.9.10_x64\IDE\data\ipcores\GAO\GW_AO_0\gw_ao_match.v":374)
Analyzing Verilog file 'E:\Gowin\Gowin_V1.9.10_x64\IDE\data\ipcores\GAO\GW_AO_0\gw_ao_mem_ctrl.v'
Analyzing included file 'C:\Users\as\Desktop\Gowin_DDR3_Memory_Interface_RefDesign\DDR3_MC_PHY_1vs2\project\impl\gwsynthesis\RTL_GAO\ao_0\gw_ao_top_define.v'("E:\Gowin\Gowin_V1.9.10_x64\IDE\data\ipcores\GAO\GW_AO_0\gw_ao_mem_ctrl.v":1256)
Back to file 'E:\Gowin\Gowin_V1.9.10_x64\IDE\data\ipcores\GAO\GW_AO_0\gw_ao_mem_ctrl.v'("E:\Gowin\Gowin_V1.9.10_x64\IDE\data\ipcores\GAO\GW_AO_0\gw_ao_mem_ctrl.v":1256)
Analyzing Verilog file 'E:\Gowin\Gowin_V1.9.10_x64\IDE\data\ipcores\GAO\GW_AO_0\gw_ao_top.v'
Analyzing included file 'E:\Gowin\Gowin_V1.9.10_x64\IDE\data\ipcores\GAO\GW_AO_0\gw_ao_define.v'("E:\Gowin\Gowin_V1.9.10_x64\IDE\data\ipcores\GAO\GW_AO_0\gw_ao_top.v":3042)
Back to file 'E:\Gowin\Gowin_V1.9.10_x64\IDE\data\ipcores\GAO\GW_AO_0\gw_ao_top.v'("E:\Gowin\Gowin_V1.9.10_x64\IDE\data\ipcores\GAO\GW_AO_0\gw_ao_top.v":3042)
Analyzing included file 'C:\Users\as\Desktop\Gowin_DDR3_Memory_Interface_RefDesign\DDR3_MC_PHY_1vs2\project\impl\gwsynthesis\RTL_GAO\ao_0\gw_ao_top_define.v'("E:\Gowin\Gowin_V1.9.10_x64\IDE\data\ipcores\GAO\GW_AO_0\gw_ao_top.v":3042)
Back to file 'E:\Gowin\Gowin_V1.9.10_x64\IDE\data\ipcores\GAO\GW_AO_0\gw_ao_top.v'("E:\Gowin\Gowin_V1.9.10_x64\IDE\data\ipcores\GAO\GW_AO_0\gw_ao_top.v":3042)
Analyzing included file 'C:\Users\as\Desktop\Gowin_DDR3_Memory_Interface_RefDesign\DDR3_MC_PHY_1vs2\project\impl\gwsynthesis\RTL_GAO\ao_0\gw_ao_expression.v'("E:\Gowin\Gowin_V1.9.10_x64\IDE\data\ipcores\GAO\GW_AO_0\gw_ao_top.v":3042)
Back to file 'E:\Gowin\Gowin_V1.9.10_x64\IDE\data\ipcores\GAO\GW_AO_0\gw_ao_top.v'("E:\Gowin\Gowin_V1.9.10_x64\IDE\data\ipcores\GAO\GW_AO_0\gw_ao_top.v":3042)
Analyzing included file 'C:\Users\as\Desktop\Gowin_DDR3_Memory_Interface_RefDesign\DDR3_MC_PHY_1vs2\project\impl\gwsynthesis\RTL_GAO\ao_0\gw_ao_parameter.v'("E:\Gowin\Gowin_V1.9.10_x64\IDE\data\ipcores\GAO\GW_AO_0\gw_ao_top.v":3042)
Back to file 'E:\Gowin\Gowin_V1.9.10_x64\IDE\data\ipcores\GAO\GW_AO_0\gw_ao_top.v'("E:\Gowin\Gowin_V1.9.10_x64\IDE\data\ipcores\GAO\GW_AO_0\gw_ao_top.v":3042)
Analyzing included file 'C:\Users\as\Desktop\Gowin_DDR3_Memory_Interface_RefDesign\DDR3_MC_PHY_1vs2\project\impl\gwsynthesis\RTL_GAO\ao_0\gw_ao_init.v'("E:\Gowin\Gowin_V1.9.10_x64\IDE\data\ipcores\GAO\GW_AO_0\gw_ao_top.v":3042)
Back to file 'E:\Gowin\Gowin_V1.9.10_x64\IDE\data\ipcores\GAO\GW_AO_0\gw_ao_top.v'("E:\Gowin\Gowin_V1.9.10_x64\IDE\data\ipcores\GAO\GW_AO_0\gw_ao_top.v":3042)
Analyzing Verilog file 'E:\Gowin\Gowin_V1.9.10_x64\IDE\data\ipcores\GAO\GW_CON\gw_con_top.v'
Analyzing included file 'C:\Users\as\Desktop\Gowin_DDR3_Memory_Interface_RefDesign\DDR3_MC_PHY_1vs2\project\impl\gwsynthesis\RTL_GAO\ao_control\gw_con_top_define.v'("E:\Gowin\Gowin_V1.9.10_x64\IDE\data\ipcores\GAO\GW_CON\gw_con_top.v":377)
Back to file 'E:\Gowin\Gowin_V1.9.10_x64\IDE\data\ipcores\GAO\GW_CON\gw_con_top.v'("E:\Gowin\Gowin_V1.9.10_x64\IDE\data\ipcores\GAO\GW_CON\gw_con_top.v":377)
Analyzing included file 'C:\Users\as\Desktop\Gowin_DDR3_Memory_Interface_RefDesign\DDR3_MC_PHY_1vs2\project\impl\gwsynthesis\RTL_GAO\ao_control\gw_con_parameter.v'("E:\Gowin\Gowin_V1.9.10_x64\IDE\data\ipcores\GAO\GW_CON\gw_con_top.v":377)
Back to file 'E:\Gowin\Gowin_V1.9.10_x64\IDE\data\ipcores\GAO\GW_CON\gw_con_top.v'("E:\Gowin\Gowin_V1.9.10_x64\IDE\data\ipcores\GAO\GW_CON\gw_con_top.v":377)
Analyzing Verilog file 'E:\Gowin\Gowin_V1.9.10_x64\IDE\data\ipcores\gw_jtag.v'
Analyzing Verilog file 'C:\Users\as\Desktop\Gowin_DDR3_Memory_Interface_RefDesign\DDR3_MC_PHY_1vs2\project\impl\gwsynthesis\RTL_GAO\gw_gao_top.v'
Compiling module 'ddr3_syn_top'("C:\Users\as\Desktop\Gowin_DDR3_Memory_Interface_RefDesign\DDR3_MC_PHY_1vs2\project\src\ddr3_syn_top.v":3)
Compiling module 'DDR3_test'("C:\Users\as\Desktop\Gowin_DDR3_Memory_Interface_RefDesign\DDR3_MC_PHY_1vs2\project\src\DDR3_test.v":4)
Compiling module 'Gowin_rPLL'("C:\Users\as\Desktop\Gowin_DDR3_Memory_Interface_RefDesign\DDR3_MC_PHY_1vs2\project\src\gowin_rpll\gowin_rpll.v":9)
Compiling module 'DDR3_Memory_Interface_Top'("C:\Users\as\Desktop\Gowin_DDR3_Memory_Interface_RefDesign\DDR3_MC_PHY_1vs2\project\src\ddr3_memory_interface\ddr3_memory_interface.v":9037)
Compiling module '**'("C:\Users\as\Desktop\Gowin_DDR3_Memory_Interface_RefDesign\DDR3_MC_PHY_1vs2\project\src\ddr3_memory_interface\ddr3_memory_interface.v":9036)
Compiling module 'gw_gao'("C:\Users\as\Desktop\Gowin_DDR3_Memory_Interface_RefDesign\DDR3_MC_PHY_1vs2\project\impl\gwsynthesis\RTL_GAO\gw_gao_top.v":1)
Compiling module 'GW_JTAG'("E:\Gowin\Gowin_V1.9.10_x64\IDE\data\ipcores\gw_jtag.v":1)
Compiling module '**'("E:\Gowin\Gowin_V1.9.10_x64\IDE\data\ipcores\GAO\GW_CON\gw_con_top.v":377)
Compiling module '**'("E:\Gowin\Gowin_V1.9.10_x64\IDE\data\ipcores\GAO\GW_AO_0\gw_ao_top.v":3042)
Compiling module '**'("E:\Gowin\Gowin_V1.9.10_x64\IDE\data\ipcores\GAO\GW_AO_0\gw_ao_mem_ctrl.v":1256)
Extracting RAM for identifier '**'("E:\Gowin\Gowin_V1.9.10_x64\IDE\data\ipcores\GAO\GW_AO_0\gw_ao_mem_ctrl.v":1256)
Compiling module '**'("E:\Gowin\Gowin_V1.9.10_x64\IDE\data\ipcores\GAO\GW_AO_0\gw_ao_crc32.v":74)
Compiling module '**'("E:\Gowin\Gowin_V1.9.10_x64\IDE\data\ipcores\GAO\GW_AO_0\gw_ao_match.v":374)
Trying to combine GAO to RTL design
NOTE  (EX0101) : Current top module is "ddr3_syn_top"
[5%] Running netlist conversion ...
Running device independent optimization ...
[10%] Optimizing Phase 0 completed
[15%] Optimizing Phase 1 completed
[25%] Optimizing Phase 2 completed
Running inference ...
[30%] Inferring Phase 0 completed
[40%] Inferring Phase 1 completed
[50%] Inferring Phase 2 completed
[55%] Inferring Phase 3 completed
Running technical mapping ...
[60%] Tech-Mapping Phase 0 completed
[65%] Tech-Mapping Phase 1 completed
[75%] Tech-Mapping Phase 2 completed
[80%] Tech-Mapping Phase 3 completed
[90%] Tech-Mapping Phase 4 completed
[95%] Generate netlist file "C:\Users\as\Desktop\Gowin_DDR3_Memory_Interface_RefDesign\DDR3_MC_PHY_1vs2\project\impl\gwsynthesis\ddr3_ref_design.vg" completed
[100%] Generate report file "C:\Users\as\Desktop\Gowin_DDR3_Memory_Interface_RefDesign\DDR3_MC_PHY_1vs2\project\impl\gwsynthesis\ddr3_ref_design_syn.rpt.html" completed
GowinSynthesis finish
