Reading netlist file: "C:\Users\as\Desktop\Gowin_DDR3_Memory_Interface_RefDesign\DDR3_MC_PHY_1vs2\project\impl\gwsynthesis\ddr3_ref_design.vg"
Parsing netlist file "C:\Users\as\Desktop\Gowin_DDR3_Memory_Interface_RefDesign\DDR3_MC_PHY_1vs2\project\impl\gwsynthesis\ddr3_ref_design.vg" completed
Processing netlist completed
Reading constraint file: "C:\Users\as\Desktop\Gowin_DDR3_Memory_Interface_RefDesign\DDR3_MC_PHY_1vs2\project\src\ddr3.cst"
Physical Constraint parsed completed
Running placement......
[10%] Placement Phase 0 completed
[20%] Placement Phase 1 completed
[30%] Placement Phase 2 completed
[50%] Placement Phase 3 completed
Running routing......
[60%] Routing Phase 0 completed
[70%] Routing Phase 1 completed
[80%] Routing Phase 2 completed
[90%] Routing Phase 3 completed
Running timing analysis......
[95%] Timing analysis completed
Placement and routing completed
Bitstream generation in progress......
Bitstream generation completed
Running power analysis......
[100%] Power analysis completed
Generate file "C:\Users\as\Desktop\Gowin_DDR3_Memory_Interface_RefDesign\DDR3_MC_PHY_1vs2\project\impl\pnr\ddr3_ref_design.power.html" completed
Generate file "C:\Users\as\Desktop\Gowin_DDR3_Memory_Interface_RefDesign\DDR3_MC_PHY_1vs2\project\impl\pnr\ddr3_ref_design.pin.html" completed
Generate file "C:\Users\as\Desktop\Gowin_DDR3_Memory_Interface_RefDesign\DDR3_MC_PHY_1vs2\project\impl\pnr\ddr3_ref_design.rpt.html" completed
Generate file "C:\Users\as\Desktop\Gowin_DDR3_Memory_Interface_RefDesign\DDR3_MC_PHY_1vs2\project\impl\pnr\ddr3_ref_design.rpt.txt" completed
Generate file "C:\Users\as\Desktop\Gowin_DDR3_Memory_Interface_RefDesign\DDR3_MC_PHY_1vs2\project\impl\pnr\ddr3_ref_design.vo" completed
Generate file "C:\Users\as\Desktop\Gowin_DDR3_Memory_Interface_RefDesign\DDR3_MC_PHY_1vs2\project\impl\pnr\ddr3_ref_design.tr.html" completed
Wed Sep 18 00:02:21 2024

